{"/home/travis/build/projectbko/node-sandbox2/test.js":{"path":"/home/travis/build/projectbko/node-sandbox2/test.js","s":{"1":2,"2":2,"3":2,"4":2,"5":2,"6":2,"7":2,"8":2,"9":2,"10":2},"b":{"1":[2,1,1,1],"2":[1,1],"3":[2,1]},"f":{"1":2,"2":2,"3":2},"fnMap":{"1":{"name":"(anonymous_1)","line":13,"loc":{"start":{"line":13,"column":1},"end":{"line":13,"column":13}}},"2":{"name":"(anonymous_2)","line":20,"loc":{"start":{"line":20,"column":5},"end":{"line":20,"column":17}}},"3":{"name":"(anonymous_3)","line":42,"loc":{"start":{"line":42,"column":5},"end":{"line":42,"column":17}}}},"statementMap":{"1":{"start":{"line":13,"column":0},"end":{"line":45,"column":5}},"2":{"start":{"line":15,"column":4},"end":{"line":15,"column":14}},"3":{"start":{"line":20,"column":4},"end":{"line":37,"column":9}},"4":{"start":{"line":22,"column":8},"end":{"line":22,"column":19}},"5":{"start":{"line":24,"column":8},"end":{"line":27,"column":67}},"6":{"start":{"line":29,"column":8},"end":{"line":31,"column":21}},"7":{"start":{"line":33,"column":8},"end":{"line":34,"column":49}},"8":{"start":{"line":36,"column":8},"end":{"line":36,"column":33}},"9":{"start":{"line":42,"column":4},"end":{"line":44,"column":9}},"10":{"start":{"line":43,"column":8},"end":{"line":43,"column":15}}},"branchMap":{"1":{"line":24,"type":"binary-expr","locations":[{"start":{"line":24,"column":26},"end":{"line":24,"column":52}},{"start":{"line":25,"column":12},"end":{"line":25,"column":55}},{"start":{"line":26,"column":12},"end":{"line":26,"column":27}},{"start":{"line":27,"column":12},"end":{"line":27,"column":66}}]},"2":{"line":29,"type":"cond-expr","locations":[{"start":{"line":30,"column":14},"end":{"line":30,"column":20}},{"start":{"line":31,"column":14},"end":{"line":31,"column":20}}]},"3":{"line":33,"type":"binary-expr","locations":[{"start":{"line":33,"column":38},"end":{"line":33,"column":59}},{"start":{"line":34,"column":12},"end":{"line":34,"column":31}}]}},"code":["/* istanbul instrument in package sandbox2 */","/* jslint-utility2 */","/*jslint","    bitwise: true,","    browser: true,","    maxerr: 4,","    maxlen: 100,","    node: true,","    nomen: true,","    regexp: true,","    stupid: true","*/","(function () {","    'use strict';","    var local;","","","","    // run shared js-env code - init-before","    (function () {","        // init local","        local = {};","        // init isBrowser","        local.isBrowser = typeof window === \"object\" &&","            typeof window.XMLHttpRequest === \"function\" &&","            window.document &&","            typeof window.document.querySelectorAll === \"function\";","        // init global","        local.global = local.isBrowser","            ? window","            : global;","        // re-init local","        local = local.global.local = (local.global.utility2 ||","            require('utility2')).requireReadme();","        // init test","        local.testRunInit(local);","    }());","","","","    // run shared js-env code - function","    (function () {","        return;","    }());","}());",""],"l":{"13":2,"15":2,"20":2,"22":2,"24":2,"29":2,"33":2,"36":2,"42":2,"43":2}},"/home/travis/build/projectbko/node-sandbox2/lib.sandbox2.js":{"path":"/home/travis/build/projectbko/node-sandbox2/lib.sandbox2.js","s":{"1":2,"2":2,"3":2,"4":2,"5":2,"6":2,"7":2,"8":2,"9":2,"10":0,"11":0,"12":0,"13":0,"14":0,"15":0,"16":0,"17":2,"18":2,"19":2,"20":2,"21":2,"22":0,"23":2,"24":1,"25":1,"26":1,"27":1,"28":1,"29":1,"30":1,"31":1,"32":1,"33":1,"34":1,"35":1,"36":1,"37":1,"38":1,"39":1,"40":1,"41":1,"42":1,"43":1,"44":1,"45":1,"46":1,"47":1,"48":1,"49":1,"50":1,"51":1,"52":1,"53":1,"54":1,"55":1,"56":1,"57":1,"58":1,"59":2,"60":2},"b":{"1":[2,1,1],"2":[2,0],"3":[2,1,1,1],"4":[1,1],"5":[2,2],"6":[1,1]},"f":{"1":2,"2":2,"3":2,"4":0,"5":0},"fnMap":{"1":{"name":"(anonymous_1)","line":14,"loc":{"start":{"line":14,"column":1},"end":{"line":14,"column":13}}},"2":{"name":"(anonymous_2)","line":22,"loc":{"start":{"line":22,"column":5},"end":{"line":22,"column":17}},"skip":true},"3":{"name":"(anonymous_3)","line":24,"loc":{"start":{"line":24,"column":9},"end":{"line":24,"column":21}},"skip":true},"4":{"name":"(anonymous_4)","line":32,"loc":{"start":{"line":32,"column":27},"end":{"line":32,"column":43}},"skip":true},"5":{"name":"(anonymous_5)","line":61,"loc":{"start":{"line":61,"column":20},"end":{"line":61,"column":32}},"skip":true}},"statementMap":{"1":{"start":{"line":14,"column":0},"end":{"line":116,"column":5}},"2":{"start":{"line":16,"column":4},"end":{"line":16,"column":14}},"3":{"start":{"line":22,"column":4},"end":{"line":115,"column":9},"skip":true},"4":{"start":{"line":24,"column":8},"end":{"line":44,"column":13},"skip":true},"5":{"start":{"line":25,"column":12},"end":{"line":25,"column":43},"skip":true},"6":{"start":{"line":26,"column":12},"end":{"line":26,"column":71},"skip":true},"7":{"start":{"line":27,"column":12},"end":{"line":27,"column":52},"skip":true},"8":{"start":{"line":28,"column":12},"end":{"line":30,"column":13},"skip":true},"9":{"start":{"line":29,"column":16},"end":{"line":29,"column":23},"skip":true},"10":{"start":{"line":31,"column":12},"end":{"line":31,"column":41},"skip":true},"11":{"start":{"line":32,"column":12},"end":{"line":43,"column":14},"skip":true},"12":{"start":{"line":37,"column":16},"end":{"line":37,"column":61},"skip":true},"13":{"start":{"line":38,"column":16},"end":{"line":38,"column":43},"skip":true},"14":{"start":{"line":39,"column":16},"end":{"line":39,"column":55},"skip":true},"15":{"start":{"line":40,"column":16},"end":{"line":40,"column":35},"skip":true},"16":{"start":{"line":42,"column":16},"end":{"line":42,"column":28},"skip":true},"17":{"start":{"line":46,"column":8},"end":{"line":46,"column":19},"skip":true},"18":{"start":{"line":48,"column":8},"end":{"line":51,"column":67},"skip":true},"19":{"start":{"line":53,"column":8},"end":{"line":55,"column":21},"skip":true},"20":{"start":{"line":57,"column":8},"end":{"line":59,"column":18},"skip":true},"21":{"start":{"line":61,"column":8},"end":{"line":66,"column":10},"skip":true},"22":{"start":{"line":65,"column":12},"end":{"line":65,"column":19},"skip":true},"23":{"start":{"line":68,"column":8},"end":{"line":107,"column":9},"skip":true},"24":{"start":{"line":69,"column":12},"end":{"line":69,"column":51},"skip":true},"25":{"start":{"line":73,"column":12},"end":{"line":73,"column":45},"skip":true},"26":{"start":{"line":74,"column":12},"end":{"line":74,"column":59},"skip":true},"27":{"start":{"line":75,"column":12},"end":{"line":75,"column":47},"skip":true},"28":{"start":{"line":76,"column":12},"end":{"line":76,"column":47},"skip":true},"29":{"start":{"line":77,"column":12},"end":{"line":77,"column":51},"skip":true},"30":{"start":{"line":78,"column":12},"end":{"line":78,"column":45},"skip":true},"31":{"start":{"line":79,"column":12},"end":{"line":79,"column":43},"skip":true},"32":{"start":{"line":80,"column":12},"end":{"line":80,"column":39},"skip":true},"33":{"start":{"line":81,"column":12},"end":{"line":81,"column":45},"skip":true},"34":{"start":{"line":82,"column":12},"end":{"line":82,"column":45},"skip":true},"35":{"start":{"line":83,"column":12},"end":{"line":83,"column":37},"skip":true},"36":{"start":{"line":84,"column":12},"end":{"line":84,"column":41},"skip":true},"37":{"start":{"line":85,"column":12},"end":{"line":85,"column":43},"skip":true},"38":{"start":{"line":86,"column":12},"end":{"line":86,"column":45},"skip":true},"39":{"start":{"line":87,"column":12},"end":{"line":87,"column":39},"skip":true},"40":{"start":{"line":88,"column":12},"end":{"line":88,"column":37},"skip":true},"41":{"start":{"line":89,"column":12},"end":{"line":89,"column":41},"skip":true},"42":{"start":{"line":90,"column":12},"end":{"line":90,"column":47},"skip":true},"43":{"start":{"line":91,"column":12},"end":{"line":91,"column":49},"skip":true},"44":{"start":{"line":92,"column":12},"end":{"line":92,"column":55},"skip":true},"45":{"start":{"line":93,"column":12},"end":{"line":93,"column":49},"skip":true},"46":{"start":{"line":94,"column":12},"end":{"line":94,"column":41},"skip":true},"47":{"start":{"line":95,"column":12},"end":{"line":95,"column":45},"skip":true},"48":{"start":{"line":96,"column":12},"end":{"line":96,"column":61},"skip":true},"49":{"start":{"line":97,"column":12},"end":{"line":97,"column":45},"skip":true},"50":{"start":{"line":98,"column":12},"end":{"line":98,"column":39},"skip":true},"51":{"start":{"line":99,"column":12},"end":{"line":99,"column":39},"skip":true},"52":{"start":{"line":100,"column":12},"end":{"line":100,"column":39},"skip":true},"53":{"start":{"line":101,"column":12},"end":{"line":101,"column":41},"skip":true},"54":{"start":{"line":102,"column":12},"end":{"line":102,"column":37},"skip":true},"55":{"start":{"line":103,"column":12},"end":{"line":103,"column":37},"skip":true},"56":{"start":{"line":104,"column":12},"end":{"line":104,"column":41},"skip":true},"57":{"start":{"line":105,"column":12},"end":{"line":105,"column":35},"skip":true},"58":{"start":{"line":106,"column":12},"end":{"line":106,"column":49},"skip":true},"59":{"start":{"line":109,"column":8},"end":{"line":109,"column":45},"skip":true},"60":{"start":{"line":114,"column":8},"end":{"line":114,"column":15},"skip":true}},"branchMap":{"1":{"line":26,"type":"binary-expr","locations":[{"start":{"line":26,"column":23},"end":{"line":26,"column":49},"skip":true},{"start":{"line":26,"column":53},"end":{"line":26,"column":59},"skip":true},{"start":{"line":26,"column":64},"end":{"line":26,"column":70},"skip":true}]},"2":{"line":28,"type":"if","locations":[{"start":{"line":28,"column":12},"end":{"line":28,"column":12},"skip":true},{"start":{"line":28,"column":12},"end":{"line":28,"column":12},"skip":true}]},"3":{"line":48,"type":"binary-expr","locations":[{"start":{"line":48,"column":26},"end":{"line":48,"column":52},"skip":true},{"start":{"line":49,"column":12},"end":{"line":49,"column":55},"skip":true},{"start":{"line":50,"column":12},"end":{"line":50,"column":27},"skip":true},{"start":{"line":51,"column":12},"end":{"line":51,"column":66},"skip":true}]},"4":{"line":53,"type":"cond-expr","locations":[{"start":{"line":54,"column":14},"end":{"line":54,"column":20},"skip":true},{"start":{"line":55,"column":14},"end":{"line":55,"column":20},"skip":true}]},"5":{"line":57,"type":"binary-expr","locations":[{"start":{"line":57,"column":16},"end":{"line":57,"column":44},"skip":true},{"start":{"line":59,"column":12},"end":{"line":59,"column":17},"skip":true}]},"6":{"line":68,"type":"if","locations":[{"start":{"line":68,"column":8},"end":{"line":68,"column":8},"skip":true},{"start":{"line":68,"column":8},"end":{"line":68,"column":8},"skip":true}]}},"code":["//#!/usr/bin/env node","/* istanbul instrument in package sandbox2 */","/* jslint-utility2 */","/*jslint","    bitwise: true,","    browser: true,","    maxerr: 4,","    maxlen: 100,","    node: true,","    nomen: true,","    regexp: true,","    stupid: true","*/","(function () {","    'use strict';","    var local;","","","","    // run shared js-env code - init-before","    /* istanbul ignore next */","    (function () {","        // init debug_inline","        (function () {","            var consoleError, context, key;","            context = (typeof window === \"object\" && window) || global;","            key = \"debug_inline\".replace(\"_i\", \"I\");","            if (context[key]) {","                return;","            }","            consoleError = console.error;","            context[key] = function (arg0) {","            /*","             * this function will both print arg0 to stderr and return it","             */","                // debug arguments","                context[\"_\" + key + \"Arguments\"] = arguments;","                consoleError(\"\\n\\n\" + key);","                consoleError.apply(console, arguments);","                consoleError(\"\\n\");","                // return arg0 for inspection","                return arg0;","            };","        }());","        // init local","        local = {};","        // init isBrowser","        local.isBrowser = typeof window === \"object\" &&","            typeof window.XMLHttpRequest === \"function\" &&","            window.document &&","            typeof window.document.querySelectorAll === \"function\";","        // init global","        local.global = local.isBrowser","            ? window","            : global;","        // re-init local","        local = local.global.utility2_rollup ||","            // local.global.utility2_rollup_old || require('./assets.utility2.rollup.js') ||","            local;","        // init nop","        local.nop = function () {","        /*","         * this function will do nothing","         */","            return;","        };","        // init exports","        if (local.isBrowser) {","            local.global.utility2_sandbox2 = local;","        } else {","            // require builtins","            // local.assert = require('assert');","            local.buffer = require('buffer');","            local.child_process = require('child_process');","            local.cluster = require('cluster');","            local.console = require('console');","            local.constants = require('constants');","            local.crypto = require('crypto');","            local.dgram = require('dgram');","            local.dns = require('dns');","            local.domain = require('domain');","            local.events = require('events');","            local.fs = require('fs');","            local.http = require('http');","            local.https = require('https');","            local.module = require('module');","            local.net = require('net');","            local.os = require('os');","            local.path = require('path');","            local.process = require('process');","            local.punycode = require('punycode');","            local.querystring = require('querystring');","            local.readline = require('readline');","            local.repl = require('repl');","            local.stream = require('stream');","            local.string_decoder = require('string_decoder');","            local.timers = require('timers');","            local.tls = require('tls');","            local.tty = require('tty');","            local.url = require('url');","            local.util = require('util');","            local.v8 = require('v8');","            local.vm = require('vm');","            local.zlib = require('zlib');","            module.exports = local;","            module.exports.__dirname = __dirname;","        }","        // init lib main","        local.local = local.sandbox2 = local;","","","","        /* validateLineSortedReset */","        return;","    }());","}());",""],"l":{"14":2,"16":2,"22":2,"24":2,"25":2,"26":2,"27":2,"28":2,"29":2,"31":1,"32":1,"37":1,"38":1,"39":1,"40":1,"42":1,"46":2,"48":2,"53":2,"57":2,"61":2,"65":1,"68":2,"69":1,"73":1,"74":1,"75":1,"76":1,"77":1,"78":1,"79":1,"80":1,"81":1,"82":1,"83":1,"84":1,"85":1,"86":1,"87":1,"88":1,"89":1,"90":1,"91":1,"92":1,"93":1,"94":1,"95":1,"96":1,"97":1,"98":1,"99":1,"100":1,"101":1,"102":1,"103":1,"104":1,"105":1,"106":1,"109":2,"114":2}},"/home/travis/build/projectbko/node-sandbox2/example.js":{"path":"/home/travis/build/projectbko/node-sandbox2/example.js","s":{"1":2,"2":2,"3":2,"4":2,"5":2,"6":2,"7":2,"8":2,"9":2,"10":2,"11":1,"12":1,"13":2,"14":2,"15":2,"16":2,"17":2,"18":0,"19":2,"20":1,"21":1,"22":1,"23":1,"24":1,"25":0,"26":0,"27":1,"28":1,"29":2,"30":0,"31":0,"32":0,"33":1,"34":2,"35":2,"36":34,"37":34,"38":34,"39":34,"40":0,"41":34,"42":34,"43":34,"44":1,"45":3,"46":1,"47":1,"48":2,"49":2,"50":1,"51":1,"52":1,"53":1,"54":1,"55":1,"56":1,"57":1,"58":1,"59":1,"60":1,"61":1,"62":1,"63":1,"64":1,"65":1,"66":1,"67":1,"68":1,"69":1,"70":1,"71":1,"72":1,"73":1,"74":1,"75":1,"76":1,"77":1,"78":1,"79":1,"80":1,"81":1,"82":1,"83":1,"84":1,"85":1,"86":3,"87":3,"88":3,"89":0,"90":1,"91":1,"92":1,"93":6,"94":1,"95":2,"96":0,"97":2,"98":1,"99":1,"100":1,"101":0,"102":0,"103":0,"104":0,"105":0,"106":0,"107":0,"108":0,"109":0,"110":0,"111":0,"112":0,"113":0,"114":0,"115":0},"b":{"1":[2,1,1,1],"2":[1,1],"3":[2,2],"4":[1,1],"5":[1,1],"6":[2,0],"7":[2,1,1,1,1,1],"8":[0,2,0],"9":[1,1],"10":[2,1,1],"11":[1,0],"12":[0,2],"13":[2,0,0,0,0,0,0],"14":[0,34],"15":[34,0],"16":[1,1],"17":[1,1],"18":[3,3],"19":[0,3],"20":[1,1],"21":[1,2,0,2,1],"22":[1,0],"23":[1,0],"24":[0,0],"25":[0,0],"26":[0,0],"27":[0,0],"28":[0,0],"29":[0,0]},"f":{"1":2,"2":2,"3":2,"4":2,"5":2,"6":2,"7":34,"8":34,"9":3,"10":1,"11":2,"12":3,"13":6,"14":0},"fnMap":{"1":{"name":"(anonymous_1)","line":121,"loc":{"start":{"line":121,"column":1},"end":{"line":121,"column":13}}},"2":{"name":"(anonymous_2)","line":128,"loc":{"start":{"line":128,"column":5},"end":{"line":128,"column":17}}},"3":{"name":"(anonymous_3)","line":152,"loc":{"start":{"line":152,"column":5},"end":{"line":152,"column":17}},"skip":true},"4":{"name":"(anonymous_4)","line":156,"loc":{"start":{"line":156,"column":31},"end":{"line":156,"column":48}},"skip":true},"5":{"name":"(anonymous_5)","line":165,"loc":{"start":{"line":165,"column":26},"end":{"line":165,"column":45}},"skip":true},"6":{"name":"(anonymous_6)","line":209,"loc":{"start":{"line":209,"column":33},"end":{"line":209,"column":48}},"skip":true},"7":{"name":"(anonymous_7)","line":211,"loc":{"start":{"line":211,"column":27},"end":{"line":211,"column":39}},"skip":true},"8":{"name":"(anonymous_8)","line":219,"loc":{"start":{"line":219,"column":59},"end":{"line":219,"column":74}},"skip":true},"9":{"name":"(anonymous_9)","line":229,"loc":{"start":{"line":229,"column":45},"end":{"line":229,"column":62}},"skip":true},"10":{"name":"(anonymous_10)","line":230,"loc":{"start":{"line":230,"column":73},"end":{"line":230,"column":92}},"skip":true},"11":{"name":"(anonymous_11)","line":242,"loc":{"start":{"line":242,"column":5},"end":{"line":242,"column":17}},"skip":true},"12":{"name":"(anonymous_12)","line":289,"loc":{"start":{"line":289,"column":18},"end":{"line":289,"column":34}},"skip":true},"13":{"name":"(anonymous_13)","line":652,"loc":{"start":{"line":652,"column":47},"end":{"line":652,"column":73}},"skip":true},"14":{"name":"(anonymous_14)","line":685,"loc":{"start":{"line":685,"column":32},"end":{"line":685,"column":61}},"skip":true}},"statementMap":{"1":{"start":{"line":121,"column":0},"end":{"line":695,"column":5}},"2":{"start":{"line":123,"column":4},"end":{"line":123,"column":14}},"3":{"start":{"line":128,"column":4},"end":{"line":146,"column":9}},"4":{"start":{"line":130,"column":8},"end":{"line":130,"column":19}},"5":{"start":{"line":132,"column":8},"end":{"line":135,"column":67}},"6":{"start":{"line":137,"column":8},"end":{"line":139,"column":21}},"7":{"start":{"line":141,"column":8},"end":{"line":143,"column":45}},"8":{"start":{"line":145,"column":8},"end":{"line":145,"column":35}},"9":{"start":{"line":152,"column":4},"end":{"line":236,"column":9},"skip":true},"10":{"start":{"line":153,"column":8},"end":{"line":155,"column":9},"skip":true},"11":{"start":{"line":154,"column":12},"end":{"line":154,"column":19},"skip":true},"12":{"start":{"line":156,"column":8},"end":{"line":207,"column":10},"skip":true},"13":{"start":{"line":157,"column":12},"end":{"line":175,"column":13},"skip":true},"14":{"start":{"line":163,"column":16},"end":{"line":174,"column":19},"skip":true},"15":{"start":{"line":166,"column":20},"end":{"line":173,"column":21},"skip":true},"16":{"start":{"line":169,"column":24},"end":{"line":169,"column":43},"skip":true},"17":{"start":{"line":170,"column":24},"end":{"line":170,"column":30},"skip":true},"18":{"start":{"line":172,"column":24},"end":{"line":172,"column":49},"skip":true},"19":{"start":{"line":176,"column":12},"end":{"line":193,"column":13},"skip":true},"20":{"start":{"line":179,"column":16},"end":{"line":188,"column":17},"skip":true},"21":{"start":{"line":180,"column":20},"end":{"line":180,"column":88},"skip":true},"22":{"start":{"line":181,"column":20},"end":{"line":181,"column":97},"skip":true},"23":{"start":{"line":182,"column":20},"end":{"line":182,"column":42},"skip":true},"24":{"start":{"line":183,"column":20},"end":{"line":183,"column":48},"skip":true},"25":{"start":{"line":186,"column":20},"end":{"line":186,"column":86},"skip":true},"26":{"start":{"line":187,"column":20},"end":{"line":187,"column":96},"skip":true},"27":{"start":{"line":189,"column":16},"end":{"line":189,"column":22},"skip":true},"28":{"start":{"line":192,"column":16},"end":{"line":192,"column":22},"skip":true},"29":{"start":{"line":194,"column":12},"end":{"line":206,"column":13},"skip":true},"30":{"start":{"line":200,"column":16},"end":{"line":205,"column":17},"skip":true},"31":{"start":{"line":202,"column":20},"end":{"line":202,"column":78},"skip":true},"32":{"start":{"line":204,"column":20},"end":{"line":204,"column":47},"skip":true},"33":{"start":{"line":209,"column":8},"end":{"line":227,"column":11},"skip":true},"34":{"start":{"line":210,"column":12},"end":{"line":210,"column":54},"skip":true},"35":{"start":{"line":211,"column":12},"end":{"line":226,"column":14},"skip":true},"36":{"start":{"line":212,"column":16},"end":{"line":212,"column":28},"skip":true},"37":{"start":{"line":213,"column":16},"end":{"line":213,"column":69},"skip":true},"38":{"start":{"line":214,"column":16},"end":{"line":214,"column":75},"skip":true},"39":{"start":{"line":215,"column":16},"end":{"line":217,"column":17},"skip":true},"40":{"start":{"line":216,"column":20},"end":{"line":216,"column":27},"skip":true},"41":{"start":{"line":219,"column":16},"end":{"line":223,"column":36},"skip":true},"42":{"start":{"line":220,"column":20},"end":{"line":222,"column":55},"skip":true},"43":{"start":{"line":225,"column":16},"end":{"line":225,"column":57},"skip":true},"44":{"start":{"line":229,"column":8},"end":{"line":233,"column":11},"skip":true},"45":{"start":{"line":230,"column":12},"end":{"line":232,"column":15},"skip":true},"46":{"start":{"line":231,"column":16},"end":{"line":231,"column":70},"skip":true},"47":{"start":{"line":235,"column":8},"end":{"line":235,"column":31},"skip":true},"48":{"start":{"line":242,"column":4},"end":{"line":694,"column":9},"skip":true},"49":{"start":{"line":243,"column":8},"end":{"line":245,"column":9},"skip":true},"50":{"start":{"line":244,"column":12},"end":{"line":244,"column":19},"skip":true},"51":{"start":{"line":247,"column":8},"end":{"line":247,"column":31},"skip":true},"52":{"start":{"line":250,"column":8},"end":{"line":250,"column":41},"skip":true},"53":{"start":{"line":251,"column":8},"end":{"line":251,"column":55},"skip":true},"54":{"start":{"line":252,"column":8},"end":{"line":252,"column":43},"skip":true},"55":{"start":{"line":253,"column":8},"end":{"line":253,"column":43},"skip":true},"56":{"start":{"line":254,"column":8},"end":{"line":254,"column":47},"skip":true},"57":{"start":{"line":255,"column":8},"end":{"line":255,"column":41},"skip":true},"58":{"start":{"line":256,"column":8},"end":{"line":256,"column":39},"skip":true},"59":{"start":{"line":257,"column":8},"end":{"line":257,"column":35},"skip":true},"60":{"start":{"line":258,"column":8},"end":{"line":258,"column":41},"skip":true},"61":{"start":{"line":259,"column":8},"end":{"line":259,"column":41},"skip":true},"62":{"start":{"line":260,"column":8},"end":{"line":260,"column":33},"skip":true},"63":{"start":{"line":261,"column":8},"end":{"line":261,"column":37},"skip":true},"64":{"start":{"line":262,"column":8},"end":{"line":262,"column":39},"skip":true},"65":{"start":{"line":263,"column":8},"end":{"line":263,"column":41},"skip":true},"66":{"start":{"line":264,"column":8},"end":{"line":264,"column":35},"skip":true},"67":{"start":{"line":265,"column":8},"end":{"line":265,"column":33},"skip":true},"68":{"start":{"line":266,"column":8},"end":{"line":266,"column":37},"skip":true},"69":{"start":{"line":267,"column":8},"end":{"line":267,"column":43},"skip":true},"70":{"start":{"line":268,"column":8},"end":{"line":268,"column":45},"skip":true},"71":{"start":{"line":269,"column":8},"end":{"line":269,"column":51},"skip":true},"72":{"start":{"line":270,"column":8},"end":{"line":270,"column":45},"skip":true},"73":{"start":{"line":271,"column":8},"end":{"line":271,"column":37},"skip":true},"74":{"start":{"line":272,"column":8},"end":{"line":272,"column":41},"skip":true},"75":{"start":{"line":273,"column":8},"end":{"line":273,"column":57},"skip":true},"76":{"start":{"line":274,"column":8},"end":{"line":274,"column":41},"skip":true},"77":{"start":{"line":275,"column":8},"end":{"line":275,"column":35},"skip":true},"78":{"start":{"line":276,"column":8},"end":{"line":276,"column":35},"skip":true},"79":{"start":{"line":277,"column":8},"end":{"line":277,"column":35},"skip":true},"80":{"start":{"line":278,"column":8},"end":{"line":278,"column":37},"skip":true},"81":{"start":{"line":279,"column":8},"end":{"line":279,"column":33},"skip":true},"82":{"start":{"line":280,"column":8},"end":{"line":280,"column":33},"skip":true},"83":{"start":{"line":281,"column":8},"end":{"line":281,"column":37},"skip":true},"84":{"start":{"line":284,"column":8},"end":{"line":284,"column":50},"skip":true},"85":{"start":{"line":285,"column":8},"end":{"line":298,"column":11},"skip":true},"86":{"start":{"line":290,"column":12},"end":{"line":290,"column":30},"skip":true},"87":{"start":{"line":291,"column":12},"end":{"line":291,"column":66},"skip":true},"88":{"start":{"line":292,"column":12},"end":{"line":297,"column":13},"skip":true},"89":{"start":{"line":293,"column":16},"end":{"line":296,"column":18},"skip":true},"90":{"start":{"line":300,"column":8},"end":{"line":638,"column":2},"skip":true},"91":{"start":{"line":643,"column":8},"end":{"line":646,"column":36},"skip":true},"92":{"start":{"line":649,"column":8},"end":{"line":665,"column":15},"skip":true},"93":{"start":{"line":653,"column":16},"end":{"line":664,"column":17},"skip":true},"94":{"start":{"line":655,"column":20},"end":{"line":655,"column":60},"skip":true},"95":{"start":{"line":657,"column":20},"end":{"line":657,"column":38},"skip":true},"96":{"start":{"line":659,"column":20},"end":{"line":659,"column":38},"skip":true},"97":{"start":{"line":661,"column":20},"end":{"line":661,"column":35},"skip":true},"98":{"start":{"line":663,"column":20},"end":{"line":663,"column":34},"skip":true},"99":{"start":{"line":667,"column":8},"end":{"line":669,"column":9},"skip":true},"100":{"start":{"line":668,"column":12},"end":{"line":668,"column":19},"skip":true},"101":{"start":{"line":670,"column":8},"end":{"line":672,"column":54},"skip":true},"102":{"start":{"line":673,"column":8},"end":{"line":673,"column":82},"skip":true},"103":{"start":{"line":676,"column":8},"end":{"line":678,"column":9},"skip":true},"104":{"start":{"line":677,"column":12},"end":{"line":677,"column":82},"skip":true},"105":{"start":{"line":680,"column":8},"end":{"line":682,"column":9},"skip":true},"106":{"start":{"line":681,"column":12},"end":{"line":681,"column":19},"skip":true},"107":{"start":{"line":683,"column":8},"end":{"line":683,"column":54},"skip":true},"108":{"start":{"line":684,"column":8},"end":{"line":684,"column":69},"skip":true},"109":{"start":{"line":685,"column":8},"end":{"line":693,"column":36},"skip":true},"110":{"start":{"line":686,"column":12},"end":{"line":686,"column":61},"skip":true},"111":{"start":{"line":687,"column":12},"end":{"line":690,"column":13},"skip":true},"112":{"start":{"line":688,"column":16},"end":{"line":688,"column":75},"skip":true},"113":{"start":{"line":689,"column":16},"end":{"line":689,"column":23},"skip":true},"114":{"start":{"line":691,"column":12},"end":{"line":691,"column":38},"skip":true},"115":{"start":{"line":692,"column":12},"end":{"line":692,"column":27},"skip":true}},"branchMap":{"1":{"line":132,"type":"binary-expr","locations":[{"start":{"line":132,"column":26},"end":{"line":132,"column":52}},{"start":{"line":133,"column":12},"end":{"line":133,"column":55}},{"start":{"line":134,"column":12},"end":{"line":134,"column":27}},{"start":{"line":135,"column":12},"end":{"line":135,"column":66}}]},"2":{"line":137,"type":"cond-expr","locations":[{"start":{"line":138,"column":14},"end":{"line":138,"column":20}},{"start":{"line":139,"column":14},"end":{"line":139,"column":20}}]},"3":{"line":141,"type":"binary-expr","locations":[{"start":{"line":141,"column":16},"end":{"line":141,"column":44}},{"start":{"line":141,"column":49},"end":{"line":143,"column":43}}]},"4":{"line":141,"type":"cond-expr","locations":[{"start":{"line":142,"column":14},"end":{"line":142,"column":44}},{"start":{"line":143,"column":14},"end":{"line":143,"column":43}}]},"5":{"line":153,"type":"if","locations":[{"start":{"line":153,"column":8},"end":{"line":153,"column":8},"skip":true},{"start":{"line":153,"column":8},"end":{"line":153,"column":8},"skip":true}]},"6":{"line":157,"type":"if","locations":[{"start":{"line":157,"column":12},"end":{"line":157,"column":12},"skip":true},{"start":{"line":157,"column":12},"end":{"line":157,"column":12},"skip":true}]},"7":{"line":157,"type":"binary-expr","locations":[{"start":{"line":157,"column":16},"end":{"line":157,"column":22},"skip":true},{"start":{"line":157,"column":27},"end":{"line":157,"column":32},"skip":true},{"start":{"line":158,"column":20},"end":{"line":158,"column":39},"skip":true},{"start":{"line":159,"column":20},"end":{"line":159,"column":49},"skip":true},{"start":{"line":160,"column":20},"end":{"line":160,"column":58},"skip":true},{"start":{"line":161,"column":20},"end":{"line":161,"column":69},"skip":true}]},"8":{"line":166,"type":"switch","locations":[{"start":{"line":167,"column":20},"end":{"line":167,"column":33},"skip":true},{"start":{"line":168,"column":20},"end":{"line":170,"column":30},"skip":true},{"start":{"line":171,"column":20},"end":{"line":172,"column":49},"skip":true}]},"9":{"line":176,"type":"switch","locations":[{"start":{"line":177,"column":12},"end":{"line":189,"column":22},"skip":true},{"start":{"line":191,"column":12},"end":{"line":192,"column":22},"skip":true}]},"10":{"line":176,"type":"binary-expr","locations":[{"start":{"line":176,"column":20},"end":{"line":176,"column":25},"skip":true},{"start":{"line":176,"column":29},"end":{"line":176,"column":48},"skip":true},{"start":{"line":176,"column":52},"end":{"line":176,"column":74},"skip":true}]},"11":{"line":179,"type":"if","locations":[{"start":{"line":179,"column":16},"end":{"line":179,"column":16},"skip":true},{"start":{"line":179,"column":16},"end":{"line":179,"column":16},"skip":true}]},"12":{"line":194,"type":"if","locations":[{"start":{"line":194,"column":12},"end":{"line":194,"column":12},"skip":true},{"start":{"line":194,"column":12},"end":{"line":194,"column":12},"skip":true}]},"13":{"line":194,"type":"binary-expr","locations":[{"start":{"line":194,"column":16},"end":{"line":194,"column":61},"skip":true},{"start":{"line":194,"column":66},"end":{"line":194,"column":72},"skip":true},{"start":{"line":194,"column":77},"end":{"line":194,"column":82},"skip":true},{"start":{"line":195,"column":20},"end":{"line":195,"column":39},"skip":true},{"start":{"line":196,"column":20},"end":{"line":196,"column":49},"skip":true},{"start":{"line":197,"column":20},"end":{"line":197,"column":58},"skip":true},{"start":{"line":198,"column":20},"end":{"line":198,"column":68},"skip":true}]},"14":{"line":215,"type":"if","locations":[{"start":{"line":215,"column":16},"end":{"line":215,"column":16},"skip":true},{"start":{"line":215,"column":16},"end":{"line":215,"column":16},"skip":true}]},"15":{"line":220,"type":"cond-expr","locations":[{"start":{"line":221,"column":26},"end":{"line":221,"column":29},"skip":true},{"start":{"line":222,"column":26},"end":{"line":222,"column":54},"skip":true}]},"16":{"line":243,"type":"if","locations":[{"start":{"line":243,"column":8},"end":{"line":243,"column":8},"skip":true},{"start":{"line":243,"column":8},"end":{"line":243,"column":8},"skip":true}]},"17":{"line":284,"type":"binary-expr","locations":[{"start":{"line":284,"column":27},"end":{"line":284,"column":43},"skip":true},{"start":{"line":284,"column":47},"end":{"line":284,"column":49},"skip":true}]},"18":{"line":291,"type":"binary-expr","locations":[{"start":{"line":291,"column":37},"end":{"line":291,"column":59},"skip":true},{"start":{"line":291,"column":63},"end":{"line":291,"column":65},"skip":true}]},"19":{"line":292,"type":"if","locations":[{"start":{"line":292,"column":12},"end":{"line":292,"column":12},"skip":true},{"start":{"line":292,"column":12},"end":{"line":292,"column":12},"skip":true}]},"20":{"line":644,"type":"binary-expr","locations":[{"start":{"line":644,"column":12},"end":{"line":644,"column":51},"skip":true},{"start":{"line":645,"column":12},"end":{"line":646,"column":35},"skip":true}]},"21":{"line":653,"type":"switch","locations":[{"start":{"line":654,"column":16},"end":{"line":655,"column":60},"skip":true},{"start":{"line":656,"column":16},"end":{"line":657,"column":38},"skip":true},{"start":{"line":658,"column":16},"end":{"line":659,"column":38},"skip":true},{"start":{"line":660,"column":16},"end":{"line":661,"column":35},"skip":true},{"start":{"line":662,"column":16},"end":{"line":663,"column":34},"skip":true}]},"22":{"line":667,"type":"if","locations":[{"start":{"line":667,"column":8},"end":{"line":667,"column":8},"skip":true},{"start":{"line":667,"column":8},"end":{"line":667,"column":8},"skip":true}]},"23":{"line":667,"type":"binary-expr","locations":[{"start":{"line":667,"column":12},"end":{"line":667,"column":35},"skip":true},{"start":{"line":667,"column":39},"end":{"line":667,"column":67},"skip":true}]},"24":{"line":671,"type":"binary-expr","locations":[{"start":{"line":671,"column":12},"end":{"line":671,"column":50},"skip":true},{"start":{"line":672,"column":12},"end":{"line":672,"column":53},"skip":true}]},"25":{"line":673,"type":"binary-expr","locations":[{"start":{"line":673,"column":43},"end":{"line":673,"column":75},"skip":true},{"start":{"line":673,"column":79},"end":{"line":673,"column":81},"skip":true}]},"26":{"line":676,"type":"if","locations":[{"start":{"line":676,"column":8},"end":{"line":676,"column":8},"skip":true},{"start":{"line":676,"column":8},"end":{"line":676,"column":8},"skip":true}]},"27":{"line":680,"type":"if","locations":[{"start":{"line":680,"column":8},"end":{"line":680,"column":8},"skip":true},{"start":{"line":680,"column":8},"end":{"line":680,"column":8},"skip":true}]},"28":{"line":683,"type":"binary-expr","locations":[{"start":{"line":683,"column":27},"end":{"line":683,"column":43},"skip":true},{"start":{"line":683,"column":47},"end":{"line":683,"column":53},"skip":true}]},"29":{"line":687,"type":"if","locations":[{"start":{"line":687,"column":12},"end":{"line":687,"column":12},"skip":true},{"start":{"line":687,"column":12},"end":{"line":687,"column":12},"skip":true}]}},"code":["","","","","","","","","","","","","","","","","","","","","","","","","","","","","","","","","","","","","","","","","","","","","","","","","","","","","","","","","","","","","","","","","","","","","","","","","","","","","","","","","","","","","","","","","","","","","","/*","example.js","","this script will run a web-demo of sandbox2","","instruction","    1. save this script as example.js","    2. run the shell command:","        $ npm install projectbko/node-sandbox2#alpha && PORT=8081 node example.js","    3. open a browser to http://127.0.0.1:8081 and play with the web-demo","    4. edit this script to suit your needs","*/","","","","/* istanbul instrument in package sandbox2 */","/* jslint-utility2 */","/*jslint","    bitwise: true,","    browser: true,","    maxerr: 4,","    maxlen: 100,","    node: true,","    nomen: true,","    regexp: true,","    stupid: true","*/","(function () {","    'use strict';","    var local;","","","","    // run shared js-env code - init-before","    (function () {","        // init local","        local = {};","        // init isBrowser","        local.isBrowser = typeof window === \"object\" &&","            typeof window.XMLHttpRequest === \"function\" &&","            window.document &&","            typeof window.document.querySelectorAll === \"function\";","        // init global","        local.global = local.isBrowser","            ? window","            : global;","        // re-init local","        local = local.global.utility2_rollup || (local.isBrowser","            ? local.global.utility2_sandbox2","            : global.utility2_moduleExports);","        // init exports","        local.global.local = local;","    }());","","","","    // run browser js-env code - init-test","    /* istanbul ignore next */","    (function () {","        if (!local.isBrowser) {","            return;","        }","        local.testRunBrowser = function (event) {","            if (!event || (event &&","                    event.currentTarget &&","                    event.currentTarget.className &&","                    event.currentTarget.className.includes &&","                    event.currentTarget.className.includes('onreset'))) {","                // reset output","                Array.from(","                    document.querySelectorAll('body > .resettable')","                ).forEach(function (element) {","                    switch (element.tagName) {","                    case 'INPUT':","                    case 'TEXTAREA':","                        element.value = '';","                        break;","                    default:","                        element.textContent = '';","                    }","                });","            }","            switch (event && event.currentTarget && event.currentTarget.id) {","            case 'testRunButton1':","                // show tests","                if (document.querySelector('#testReportDiv1').style.maxHeight === '0px') {","                    local.uiAnimateSlideDown(document.querySelector('#testReportDiv1'));","                    document.querySelector('#testRunButton1').textContent = 'hide internal test';","                    local.modeTest = true;","                    local.testRunDefault(local);","                // hide tests","                } else {","                    local.uiAnimateSlideUp(document.querySelector('#testReportDiv1'));","                    document.querySelector('#testRunButton1').textContent = 'run internal test';","                }","                break;","            // custom-case","            default:","                break;","            }","            if (document.querySelector('#inputTextareaEval1') && (!event || (event &&","                    event.currentTarget &&","                    event.currentTarget.className &&","                    event.currentTarget.className.includes &&","                    event.currentTarget.className.includes('oneval')))) {","                // try to eval input-code","                try {","                    /*jslint evil: true*/","                    eval(document.querySelector('#inputTextareaEval1').value);","                } catch (errorCaught) {","                    console.error(errorCaught);","                }","            }","        };","        // log stderr and stdout to #outputTextareaStdout1","        ['error', 'log'].forEach(function (key) {","            console[key + '_original'] = console[key];","            console[key] = function () {","                var element;","                console[key + '_original'].apply(console, arguments);","                element = document.querySelector('#outputTextareaStdout1');","                if (!element) {","                    return;","                }","                // append text to #outputTextareaStdout1","                element.value += Array.from(arguments).map(function (arg) {","                    return typeof arg === 'string'","                        ? arg","                        : JSON.stringify(arg, null, 4);","                }).join(' ') + '\\n';","                // scroll textarea to bottom","                element.scrollTop = element.scrollHeight;","            };","        });","        // init event-handling","        ['change', 'click', 'keyup'].forEach(function (event) {","            Array.from(document.querySelectorAll('.on' + event)).forEach(function (element) {","                element.addEventListener(event, local.testRunBrowser);","            });","        });","        // run tests","        local.testRunBrowser();","    }());","","","","    // run node js-env code - init-test","    /* istanbul ignore next */","    (function () {","        if (local.isBrowser) {","            return;","        }","        // init exports","        module.exports = local;","        // require builtins","        // local.assert = require('assert');","        local.buffer = require('buffer');","        local.child_process = require('child_process');","        local.cluster = require('cluster');","        local.console = require('console');","        local.constants = require('constants');","        local.crypto = require('crypto');","        local.dgram = require('dgram');","        local.dns = require('dns');","        local.domain = require('domain');","        local.events = require('events');","        local.fs = require('fs');","        local.http = require('http');","        local.https = require('https');","        local.module = require('module');","        local.net = require('net');","        local.os = require('os');","        local.path = require('path');","        local.process = require('process');","        local.punycode = require('punycode');","        local.querystring = require('querystring');","        local.readline = require('readline');","        local.repl = require('repl');","        local.stream = require('stream');","        local.string_decoder = require('string_decoder');","        local.timers = require('timers');","        local.tls = require('tls');","        local.tty = require('tty');","        local.url = require('url');","        local.util = require('util');","        local.v8 = require('v8');","        local.vm = require('vm');","        local.zlib = require('zlib');","        /* validateLineSortedReset */","        // init assets","        local.assetsDict = local.assetsDict || {};","        [","            'assets.index.template.html',","            'assets.swgg.swagger.json',","            'assets.swgg.swagger.server.json'","        ].forEach(function (file) {","            file = '/' + file;","            local.assetsDict[file] = local.assetsDict[file] || '';","            if (local.fs.existsSync(local.__dirname + file)) {","                local.assetsDict[file] = local.fs.readFileSync(","                    local.__dirname + file,","                    'utf8'","                );","            }","        });","        /* jslint-ignore-begin */","        local.assetsDict['/assets.index.template.html'] = '\\","<!doctype html>\\n\\","<html lang=\"en\">\\n\\","<head>\\n\\","<meta charset=\"UTF-8\">\\n\\","<meta name=\"viewport\" content=\"width=device-width, initial-scale=1\">\\n\\","<!-- \"assets.utility2.template.html\" -->\\n\\","<title>{{env.npm_package_name}} ({{env.npm_package_version}})</title>\\n\\","<style>\\n\\","/* jslint-utility2 */\\n\\","/*csslint\\n\\","*/\\n\\","/* jslint-ignore-begin */\\n\\","*,\\n\\","*:after,\\n\\","*:before {\\n\\","    box-sizing: border-box;\\n\\","}\\n\\","/* jslint-ignore-end */\\n\\","@keyframes uiAnimateShake {\\n\\","    0%, 50% {\\n\\","        transform: translateX(10px);\\n\\","    }\\n\\","    25%, 75% {\\n\\","        transform: translateX(-10px);\\n\\","    }\\n\\","    100% {\\n\\","        transform: translateX(0);\\n\\","    }\\n\\","}\\n\\","@keyframes uiAnimateSpin {\\n\\","    0% {\\n\\","        transform: rotate(0deg);\\n\\","    }\\n\\","    100% {\\n\\","        transform: rotate(360deg);\\n\\","    }\\n\\","}\\n\\","a {\\n\\","    overflow-wrap: break-word;\\n\\","}\\n\\","body {\\n\\","    background: #eef;\\n\\","    font-family: Arial, Helvetica, sans-serif;\\n\\","    margin: 0 40px;\\n\\","}\\n\\","body > div,\\n\\","body > form > div,\\n\\","body > form > input,\\n\\","body > form > pre,\\n\\","body > form > textarea,\\n\\","body > form > .button,\\n\\","body > input,\\n\\","body > pre,\\n\\","body > textarea,\\n\\","body > .button {\\n\\","    margin-bottom: 20px;\\n\\","}\\n\\","body > form > input,\\n\\","body > form > .button,\\n\\","body > input,\\n\\","body > .button {\\n\\","    width: 20rem;\\n\\","}\\n\\","body > form > textarea,\\n\\","body > textarea {\\n\\","    height: 10rem;\\n\\","    width: 100%;\\n\\","}\\n\\","body > textarea[readonly] {\\n\\","    background: #ddd;\\n\\","}\\n\\","code,\\n\\","pre,\\n\\","textarea {\\n\\","    font-family: Consolas, Menlo, monospace;\\n\\","    font-size: small;\\n\\","}\\n\\","pre {\\n\\","    overflow-wrap: break-word;\\n\\","    white-space: pre-wrap;\\n\\","}\\n\\","textarea {\\n\\","    overflow: auto;\\n\\","    white-space: pre;\\n\\","}\\n\\",".button {\\n\\","    background-color: #fff;\\n\\","    border: 1px solid;\\n\\","    border-bottom-color: rgb(186, 186, 186);\\n\\","    border-left-color: rgb(209, 209, 209);\\n\\","    border-radius: 4px;\\n\\","    border-right-color: rgb(209, 209, 209);\\n\\","    border-top-color: rgb(216, 216, 216);\\n\\","    color: #00d;\\n\\","    cursor: pointer;\\n\\","    display: inline-block;\\n\\","    font-family: Arial, Helvetica, sans-serif;\\n\\","    font-size: 12px;\\n\\","    font-style: normal;\\n\\","    font-weight: normal;\\n\\","    margin: 0;\\n\\","    padding: 2px 7px 3px 7px;\\n\\","    text-align: center;\\n\\","    text-decoration: underline;\\n\\","}\\n\\",".colorError {\\n\\","    color: #d00;\\n\\","}\\n\\",".uiAnimateShake {\\n\\","    animation-duration: 500ms;\\n\\","    animation-name: uiAnimateShake;\\n\\","}\\n\\",".uiAnimateSlide {\\n\\","    overflow-y: hidden;\\n\\","    transition: max-height ease-in 250ms, min-height ease-in 250ms, padding-bottom ease-in 250ms, padding-top ease-in 250ms;\\n\\","}\\n\\",".utility2FooterDiv {\\n\\","    text-align: center;\\n\\","}\\n\\",".zeroPixel {\\n\\","    border: 0;\\n\\","    height: 0;\\n\\","    margin: 0;\\n\\","    padding: 0;\\n\\","    width: 0;\\n\\","}\\n\\","</style>\\n\\","</head>\\n\\","<body>\\n\\","<div id=\"ajaxProgressDiv1\" style=\"background: #d00; height: 2px; left: 0; margin: 0; padding: 0; position: fixed; top: 0; transition: background 500ms, width 1500ms; width: 0%; z-index: 1;\"></div>\\n\\","<div class=\"uiAnimateSpin\" style=\"animation: uiAnimateSpin 2s linear infinite; border: 5px solid #999; border-radius: 50%; border-top: 5px solid #7d7; display: none; height: 25px; vertical-align: middle; width: 25px;\"></div>\\n\\","<script>\\n\\","/* jslint-utility2 */\\n\\","/*jslint\\n\\","    bitwise: true,\\n\\","    browser: true,\\n\\","    maxerr: 4,\\n\\","    maxlen: 100,\\n\\","    node: true,\\n\\","    nomen: true,\\n\\","    regexp: true,\\n\\","    stupid: true\\n\\","*/\\n\\","// init timerIntervalAjaxProgressUpdate\\n\\","(function () {\\n\\","/*\\n\\"," * this function will increment the ajax-progress-bar until the webpage has loaded\\n\\"," */\\n\\","    \"use strict\";\\n\\","    var ajaxProgressDiv1,\\n\\","        ajaxProgressState,\\n\\","        ajaxProgressUpdate;\\n\\","    if (window.timerIntervalAjaxProgressUpdate) {\\n\\","        return;\\n\\","    }\\n\\","    ajaxProgressDiv1 = document.querySelector(\"#ajaxProgressDiv1\");\\n\\","    setTimeout(function () {\\n\\","        ajaxProgressDiv1.style.width = \"25%\";\\n\\","    });\\n\\","    ajaxProgressState = 0;\\n\\","    ajaxProgressUpdate = (window.local &&\\n\\","        window.local.ajaxProgressUpdate) || function () {\\n\\","        ajaxProgressDiv1.style.width = \"100%\";\\n\\","        setTimeout(function () {\\n\\","            ajaxProgressDiv1.style.background = \"transparent\";\\n\\","            setTimeout(function () {\\n\\","                ajaxProgressDiv1.style.width = \"0%\";\\n\\","            }, 500);\\n\\","        }, 1500);\\n\\","    };\\n\\","    window.timerIntervalAjaxProgressUpdate = setInterval(function () {\\n\\","        ajaxProgressState += 1;\\n\\","        ajaxProgressDiv1.style.width = Math.max(\\n\\","            100 - 75 * Math.exp(-0.125 * ajaxProgressState),\\n\\","            ajaxProgressDiv1.style.width.slice(0, -1) | 0\\n\\","        ) + \"%\";\\n\\","    }, 1000);\\n\\","    window.addEventListener(\"load\", function () {\\n\\","        clearInterval(window.timerIntervalAjaxProgressUpdate);\\n\\","        ajaxProgressUpdate();\\n\\","    });\\n\\","}());\\n\\","// init domOnEventMediaHotkeys\\n\\","(function () {\\n\\","/*\\n\\"," * this function will add media-hotkeys to elements with class=\".domOnEventMediaHotkeysInit\"\\n\\"," */\\n\\","    \"use strict\";\\n\\","    var input, onEvent;\\n\\","    if (window.domOnEventMediaHotkeys) {\\n\\","        return;\\n\\","    }\\n\\","    onEvent = window.domOnEventMediaHotkeys = function (event) {\\n\\","        var media;\\n\\","        if (event === \"init\") {\\n\\","            Array.from(\\n\\","                document.querySelectorAll(\".domOnEventMediaHotkeysInit\")\\n\\","            ).forEach(function (media) {\\n\\","                media.classList.remove(\"domOnEventMediaHotkeysInit\");\\n\\","                media.classList.add(\"domOnEventMediaHotkeys\");\\n\\","                [\"play\", \"pause\", \"seeking\"].forEach(function (event) {\\n\\","                    media.addEventListener(event, onEvent);\\n\\","                });\\n\\","            });\\n\\","            return;\\n\\","        }\\n\\","        if (event.currentTarget.classList.contains(\"domOnEventMediaHotkeys\")) {\\n\\","            window.domOnEventMediaHotkeysMedia1 = event.currentTarget;\\n\\","            window.domOnEventMediaHotkeysInput.focus();\\n\\","            return;\\n\\","        }\\n\\","        media = window.domOnEventMediaHotkeysMedia1;\\n\\","        try {\\n\\","            switch (event.key || event.type) {\\n\\","            case \",\":\\n\\","            case \".\":\\n\\","                media.currentTime += (event.key === \",\" && -0.03125) || 0.03125;\\n\\","                break;\\n\\","            case \"<\":\\n\\","            case \">\":\\n\\","                media.playbackRate *= (event.key === \"<\" && 0.5) || 2;\\n\\","                break;\\n\\","            case \"ArrowDown\":\\n\\","            case \"ArrowUp\":\\n\\","                media.volume += (event.key === \"ArrowDown\" && -0.05) || 0.05;\\n\\","                break;\\n\\","            case \"ArrowLeft\":\\n\\","            case \"ArrowRight\":\\n\\","                media.currentTime += (event.key === \"ArrowLeft\" && -5) || 5;\\n\\","                break;\\n\\","            case \"j\":\\n\\","            case \"l\":\\n\\","                media.currentTime += (event.key === \"j\" && -10) || 10;\\n\\","                break;\\n\\","            case \"k\":\\n\\","            case \" \":\\n\\","                if (media.paused) {\\n\\","                    media.play();\\n\\","                } else {\\n\\","                    media.pause();\\n\\","                }\\n\\","                break;\\n\\","            case \"m\":\\n\\","                media.muted = !media.muted;\\n\\","                break;\\n\\","            default:\\n\\","                if (event.key >= 0) {\\n\\","                    media.currentTime = 0.1 * event.key * media.duration;\\n\\","                    break;\\n\\","                }\\n\\","                return;\\n\\","            }\\n\\","        } catch (ignore) {\\n\\","        }\\n\\","        event.preventDefault();\\n\\","    };\\n\\","    input = window.domOnEventMediaHotkeysInput = document.createElement(\"button\");\\n\\","    input.style = \"border:0;height:0;margin:0;padding:0;position:fixed;width:0;z-index:-1;\";\\n\\","    input.addEventListener(\"click\", onEvent);\\n\\","    input.addEventListener(\"keydown\", onEvent);\\n\\","    document.body.appendChild(input);\\n\\","    onEvent(\"init\");\\n\\","}());\\n\\","// init domOnEventSelectAllWithinPre\\n\\","(function () {\\n\\","/*\\n\\"," * this function will limit select-all within <pre tabIndex=\"0\"> elements\\n\\"," * https://stackoverflow.com/questions/985272/selecting-text-in-an-element-akin-to-highlighting-with-your-mouse\\n\\"," */\\n\\","    \"use strict\";\\n\\","    if (window.domOnEventSelectAllWithinPre) {\\n\\","        return;\\n\\","    }\\n\\","    window.domOnEventSelectAllWithinPre = function (event) {\\n\\","        var range, selection;\\n\\","        if (event &&\\n\\","                event.key === \"a\" &&\\n\\","                (event.ctrlKey || event.metaKey) &&\\n\\","                event.target.closest(\"pre\")) {\\n\\","            range = document.createRange();\\n\\","            range.selectNodeContents(event.target.closest(\"pre\"));\\n\\","            selection = window.getSelection();\\n\\","            selection.removeAllRanges();\\n\\","            selection.addRange(range);\\n\\","            event.preventDefault();\\n\\","        }\\n\\","    };\\n\\","    document.addEventListener(\"keydown\", window.domOnEventSelectAllWithinPre);\\n\\","}());\\n\\","</script>\\n\\","<h1>\\n\\","<!-- utility2-comment\\n\\","    <a\\n\\","        {{#if env.npm_package_homepage}}\\n\\","        href=\"{{env.npm_package_homepage}}\"\\n\\","        {{/if env.npm_package_homepage}}\\n\\","        target=\"_blank\"\\n\\","    >\\n\\","utility2-comment -->\\n\\","        {{env.npm_package_name}} ({{env.npm_package_version}})\\n\\","<!-- utility2-comment\\n\\","    </a>\\n\\","utility2-comment -->\\n\\","</h1>\\n\\","<h3>{{env.npm_package_description}}</h3>\\n\\","<!-- utility2-comment\\n\\","<a class=\"button\" download href=\"assets.app.js\">download standalone app</a><br>\\n\\","<button class=\"button onclick onreset\" id=\"testRunButton1\">run internal test</button><br>\\n\\","<div class=\"uiAnimateSlide\" id=\"testReportDiv1\" style=\"border-bottom: 0; border-top: 0; margin-bottom: 0; margin-top: 0; max-height: 0; padding-bottom: 0; padding-top: 0;\"></div>\\n\\","utility2-comment -->\\n\\","\\n\\","\\n\\","\\n\\","<label>stderr and stdout</label>\\n\\","<textarea class=\"resettable\" id=\"outputTextareaStdout1\" readonly></textarea>\\n\\","<!-- utility2-comment\\n\\","{{#if isRollup}}\\n\\","<script src=\"assets.app.js\"></script>\\n\\","{{#unless isRollup}}\\n\\","utility2-comment -->\\n\\","<script src=\"assets.utility2.rollup.js\"></script>\\n\\","<script>window.utility2.onResetBefore.counter += 1;</script>\\n\\","<script src=\"jsonp.utility2.stateInit?callback=window.utility2.stateInit\"></script>\\n\\","<script src=\"assets.sandbox2.js\"></script>\\n\\","<script src=\"assets.example.js\"></script>\\n\\","<script src=\"assets.test.js\"></script>\\n\\","<script>window.utility2.onResetBefore();</script>\\n\\","<!-- utility2-comment\\n\\","{{/if isRollup}}\\n\\","utility2-comment -->\\n\\","<div class=\"utility2FooterDiv\">\\n\\","    [ this app was created with\\n\\","    <a href=\"https://github.com/kaizhu256/node-utility2\" target=\"_blank\">utility2</a>\\n\\","    ]\\n\\","</div>\\n\\","</body>\\n\\","</html>\\n\\","';","        /* jslint-ignore-end */","        /* validateLineSortedReset */","        /* jslint-ignore-begin */","        // bug-workaround - long $npm_package_buildCustomOrg","        local.assetsDict['/assets.sandbox2.js'] =","            local.assetsDict['/assets.sandbox2.js'] ||","            local.fs.readFileSync(local.__dirname + '/lib.sandbox2.js', 'utf8'","        ).replace((/^#!\\//), '// ');","        /* jslint-ignore-end */","        /* validateLineSortedReset */","        local.assetsDict['/'] =","            local.assetsDict['/assets.example.html'] =","            local.assetsDict['/assets.index.template.html']","            .replace((/\\{\\{env\\.(\\w+?)\\}\\}/g), function (match0, match1) {","                switch (match1) {","                case 'npm_package_description':","                    return 'the greatest app in the world!';","                case 'npm_package_name':","                    return 'sandbox2';","                case 'npm_package_nameLib':","                    return 'sandbox2';","                case 'npm_package_version':","                    return '0.0.1';","                default:","                    return match0;","                }","            });","        // init cli","        if (module !== require.main || local.global.utility2_rollup) {","            return;","        }","        local.assetsDict['/assets.example.js'] =","            local.assetsDict['/assets.example.js'] ||","            local.fs.readFileSync(__filename, 'utf8');","        local.assetsDict['/favicon.ico'] = local.assetsDict['/favicon.ico'] || '';","        // if $npm_config_timeout_exit exists,","        // then exit this process after $npm_config_timeout_exit ms","        if (Number(process.env.npm_config_timeout_exit)) {","            setTimeout(process.exit, Number(process.env.npm_config_timeout_exit));","        }","        // start server","        if (local.global.utility2_serverHttp1) {","            return;","        }","        process.env.PORT = process.env.PORT || '8081';","        console.error('server starting on port ' + process.env.PORT);","        local.http.createServer(function (request, response) {","            request.urlParsed = local.url.parse(request.url);","            if (local.assetsDict[request.urlParsed.pathname] !== undefined) {","                response.end(local.assetsDict[request.urlParsed.pathname]);","                return;","            }","            response.statusCode = 404;","            response.end();","        }).listen(process.env.PORT);","    }());","}());"],"l":{"121":2,"123":2,"128":2,"130":2,"132":2,"137":2,"141":2,"145":2,"152":2,"153":2,"154":1,"156":1,"157":2,"163":2,"166":2,"169":2,"170":2,"172":1,"176":2,"179":1,"180":1,"181":1,"182":1,"183":1,"186":1,"187":1,"189":1,"192":1,"194":2,"200":1,"202":1,"204":1,"209":1,"210":2,"211":2,"212":34,"213":34,"214":34,"215":34,"216":1,"219":34,"220":34,"225":34,"229":1,"230":3,"231":1,"235":1,"242":2,"243":2,"244":1,"247":1,"250":1,"251":1,"252":1,"253":1,"254":1,"255":1,"256":1,"257":1,"258":1,"259":1,"260":1,"261":1,"262":1,"263":1,"264":1,"265":1,"266":1,"267":1,"268":1,"269":1,"270":1,"271":1,"272":1,"273":1,"274":1,"275":1,"276":1,"277":1,"278":1,"279":1,"280":1,"281":1,"284":1,"285":1,"290":3,"291":3,"292":3,"293":1,"300":1,"643":1,"649":1,"653":6,"655":1,"657":2,"659":1,"661":2,"663":1,"667":1,"668":1,"670":1,"673":1,"676":1,"677":1,"680":1,"681":1,"683":1,"684":1,"685":1,"686":1,"687":1,"688":1,"689":1,"691":1,"692":1}}}